2020-02-17 11:41:00,225 ERROR 9164 nodejs.ClusterClientNoResponseError: client no response in 572784ms exceeding maxIdleTime 60000ms, maybe the connection is close on other side.
    at Timeout.Leader._heartbeatTimer.setInterval [as _onTimeout] (F:\WebProjects\dodo\server\node_modules\cluster-client\lib\leader.js:77:23)
    at ontimeout (timers.js:436:11)
    at tryOnTimeout (timers.js:300:5)
    at listOnTimeout (timers.js:263:5)
    at Timer.processTimers (timers.js:223:10)
name: "ClusterClientNoResponseError"
pid: 9164
hostname: DESKTOP-5TBUIJO

2020-02-17 16:20:57,749 ERROR 7908 [-/127.0.0.1/-/6ms POST /login] nodejs.TypeError: ctx.returnBody is not a function
    at UserController.login (F:\WebProjects\dodo\server\app\controller\user.js:20:11)

pid: 7908
hostname: DESKTOP-5TBUIJO

2020-02-21 15:21:29,874 ERROR 5972 nodejs.TypeError: resolve is not a function (uncaughtException throw 1 times on pid:5972)
    at ctx.model.MediaReport.create (F:\WebProjects\dodo\server\app\service\media_report.js:7:9)
    at F:\WebProjects\dodo\server\node_modules\mongoose\lib\helpers\promiseOrCallback.js:24:16
    at Function.<anonymous> (F:\WebProjects\dodo\server\node_modules\mongoose\lib\model.js:4850:21)
    at _done (F:\WebProjects\dodo\server\node_modules\mongoose\lib\model.js:3120:12)
    at fn (F:\WebProjects\dodo\server\node_modules\mongoose\lib\model.js:3129:18)
    at callbackWrapper (F:\WebProjects\dodo\server\node_modules\mongoose\lib\model.js:3085:11)
    at F:\WebProjects\dodo\server\node_modules\mongoose\lib\model.js:4827:16
    at F:\WebProjects\dodo\server\node_modules\mongoose\lib\helpers\promiseOrCallback.js:24:16
    at F:\WebProjects\dodo\server\node_modules\mongoose\lib\model.js:4850:21
    at model.$__save.error (F:\WebProjects\dodo\server\node_modules\mongoose\lib\model.js:490:7)
    at F:\WebProjects\dodo\server\node_modules\kareem\index.js:315:21
    at next (F:\WebProjects\dodo\server\node_modules\kareem\index.js:209:27)
    at F:\WebProjects\dodo\server\node_modules\kareem\index.js:182:9
    at process.nextTick (F:\WebProjects\dodo\server\node_modules\kareem\index.js:507:38)
    at process._tickCallback (internal/process/next_tick.js:61:11)

pid: 5972
hostname: DESKTOP-5TBUIJO

2020-02-21 17:39:26,098 ERROR 17204 nodejs.TypeError: Cannot read property 'replace' of undefined (uncaughtException throw 1 times on pid:17204)
    at ReadFileContext.fs.readFile [as callback] (F:\WebProjects\dodo\server\app\service\media_report.js:12:20)
    at FSReqWrap.readFileAfterOpen [as oncomplete] (fs.js:237:13)

pid: 17204
hostname: DESKTOP-5TBUIJO

2020-02-21 17:41:16,357 ERROR 15256 nodejs.TypeError: Cannot read property 'replace' of undefined (uncaughtException throw 1 times on pid:15256)
    at ReadFileContext.fs.readFile [as callback] (F:\WebProjects\dodo\server\app\service\media_report.js:13:20)
    at FSReqWrap.readFileAfterOpen [as oncomplete] (fs.js:237:13)

pid: 15256
hostname: DESKTOP-5TBUIJO

2020-02-21 17:45:48,745 ERROR 11032 nodejs.TypeError: Cannot read property 'replace' of undefined (uncaughtException throw 1 times on pid:11032)
    at ReadFileContext.fs.readFile [as callback] (F:\WebProjects\dodo\server\app\service\media_report.js:13:20)
    at FSReqWrap.readFileAfterOpen [as oncomplete] (fs.js:237:13)

pid: 11032
hostname: DESKTOP-5TBUIJO

2020-02-22 11:51:57,800 ERROR 8160 [-/127.0.0.1/-/14ms POST /media-report/create] nodejs.TypeError: reportList.push is not a function
    at Promise (F:\WebProjects\dodo\server\app\service\media_report.js:27:18)
    at new Promise (<anonymous>)
    at ReportServices.addToList (F:\WebProjects\dodo\server\app\service\media_report.js:26:12)
    at ReportController.create (F:\WebProjects\dodo\server\app\controller\media_report.js:10:27)
    at Object.callFn (F:\WebProjects\dodo\server\node_modules\egg-core\lib\utils\index.js:44:21)
    at Object.classControllerMiddleware (F:\WebProjects\dodo\server\node_modules\egg-core\lib\loader\mixin\controller.js:87:20)
    at Object.callFn (F:\WebProjects\dodo\server\node_modules\@eggjs\router\lib\utils.js:12:21)
    at wrappedController (F:\WebProjects\dodo\server\node_modules\@eggjs\router\lib\egg_router.js:322:18)
    at dispatch (F:\WebProjects\dodo\server\node_modules\koa-compose\index.js:44:32)
    at next (F:\WebProjects\dodo\server\node_modules\koa-compose\index.js:45:18)
    at F:\WebProjects\dodo\server\node_modules\@eggjs\router\lib\router.js:190:18
    at dispatch (F:\WebProjects\dodo\server\node_modules\koa-compose\index.js:44:32)
    at F:\WebProjects\dodo\server\node_modules\koa-compose\index.js:36:12
    at dispatch (F:\WebProjects\dodo\server\node_modules\@eggjs\router\lib\router.js:195:33)
    at dispatch (F:\WebProjects\dodo\server\node_modules\koa\node_modules\koa-compose\index.js:42:32)
    at F:\WebProjects\dodo\server\node_modules\egg-development\app\middleware\egg_loader_trace.js:9:56

pid: 8160
hostname: DESKTOP-5TBUIJO

2020-02-22 11:52:14,326 ERROR 14976 [-/127.0.0.1/-/44ms POST /media-report/create] nodejs.TypeError: reportList.push is not a function
    at Promise (F:\WebProjects\dodo\server\app\service\media_report.js:28:18)
    at new Promise (<anonymous>)
    at ReportServices.addToList (F:\WebProjects\dodo\server\app\service\media_report.js:26:12)
    at ReportController.create (F:\WebProjects\dodo\server\app\controller\media_report.js:10:27)
    at Object.callFn (F:\WebProjects\dodo\server\node_modules\egg-core\lib\utils\index.js:44:21)
    at Object.classControllerMiddleware (F:\WebProjects\dodo\server\node_modules\egg-core\lib\loader\mixin\controller.js:87:20)
    at Object.callFn (F:\WebProjects\dodo\server\node_modules\@eggjs\router\lib\utils.js:12:21)
    at wrappedController (F:\WebProjects\dodo\server\node_modules\@eggjs\router\lib\egg_router.js:322:18)
    at dispatch (F:\WebProjects\dodo\server\node_modules\koa-compose\index.js:44:32)
    at next (F:\WebProjects\dodo\server\node_modules\koa-compose\index.js:45:18)
    at F:\WebProjects\dodo\server\node_modules\@eggjs\router\lib\router.js:190:18
    at dispatch (F:\WebProjects\dodo\server\node_modules\koa-compose\index.js:44:32)
    at F:\WebProjects\dodo\server\node_modules\koa-compose\index.js:36:12
    at dispatch (F:\WebProjects\dodo\server\node_modules\@eggjs\router\lib\router.js:195:33)
    at dispatch (F:\WebProjects\dodo\server\node_modules\koa\node_modules\koa-compose\index.js:42:32)
    at F:\WebProjects\dodo\server\node_modules\egg-development\app\middleware\egg_loader_trace.js:9:56

pid: 14976
hostname: DESKTOP-5TBUIJO

2020-02-22 11:55:40,317 ERROR 14976 [-/127.0.0.1/-/14ms POST /media-report/create] nodejs.TypeError: reportList.push is not a function
    at Promise (F:\WebProjects\dodo\server\app\service\media_report.js:28:18)
    at new Promise (<anonymous>)
    at ReportServices.addToList (F:\WebProjects\dodo\server\app\service\media_report.js:26:12)
    at ReportController.create (F:\WebProjects\dodo\server\app\controller\media_report.js:10:27)
    at Object.callFn (F:\WebProjects\dodo\server\node_modules\egg-core\lib\utils\index.js:44:21)
    at Object.classControllerMiddleware (F:\WebProjects\dodo\server\node_modules\egg-core\lib\loader\mixin\controller.js:87:20)
    at Object.callFn (F:\WebProjects\dodo\server\node_modules\@eggjs\router\lib\utils.js:12:21)
    at wrappedController (F:\WebProjects\dodo\server\node_modules\@eggjs\router\lib\egg_router.js:322:18)
    at dispatch (F:\WebProjects\dodo\server\node_modules\koa-compose\index.js:44:32)
    at next (F:\WebProjects\dodo\server\node_modules\koa-compose\index.js:45:18)
    at F:\WebProjects\dodo\server\node_modules\@eggjs\router\lib\router.js:190:18
    at dispatch (F:\WebProjects\dodo\server\node_modules\koa-compose\index.js:44:32)
    at F:\WebProjects\dodo\server\node_modules\koa-compose\index.js:36:12
    at dispatch (F:\WebProjects\dodo\server\node_modules\@eggjs\router\lib\router.js:195:33)
    at dispatch (F:\WebProjects\dodo\server\node_modules\koa\node_modules\koa-compose\index.js:42:32)
    at F:\WebProjects\dodo\server\node_modules\egg-development\app\middleware\egg_loader_trace.js:9:56

pid: 14976
hostname: DESKTOP-5TBUIJO

2020-02-22 15:09:08,140 ERROR 15084 [-/127.0.0.1/-/14ms POST /media-report/create] nodejs.SyntaxError: Unexpected token o in JSON at position 1
    at JSON.parse (<anonymous>)
    at Promise (F:\WebProjects\dodo\server\app\service\media_report.js:27:25)
    at new Promise (<anonymous>)
    at ReportServices.addToList (F:\WebProjects\dodo\server\app\service\media_report.js:26:12)
    at ReportController.create (F:\WebProjects\dodo\server\app\controller\media_report.js:10:27)
    at Object.callFn (F:\WebProjects\dodo\server\node_modules\egg-core\lib\utils\index.js:44:21)
    at Object.classControllerMiddleware (F:\WebProjects\dodo\server\node_modules\egg-core\lib\loader\mixin\controller.js:87:20)
    at Object.callFn (F:\WebProjects\dodo\server\node_modules\@eggjs\router\lib\utils.js:12:21)
    at wrappedController (F:\WebProjects\dodo\server\node_modules\@eggjs\router\lib\egg_router.js:322:18)
    at dispatch (F:\WebProjects\dodo\server\node_modules\koa-compose\index.js:44:32)
    at next (F:\WebProjects\dodo\server\node_modules\koa-compose\index.js:45:18)
    at F:\WebProjects\dodo\server\node_modules\@eggjs\router\lib\router.js:190:18
    at dispatch (F:\WebProjects\dodo\server\node_modules\koa-compose\index.js:44:32)
    at F:\WebProjects\dodo\server\node_modules\koa-compose\index.js:36:12
    at dispatch (F:\WebProjects\dodo\server\node_modules\@eggjs\router\lib\router.js:195:33)
    at dispatch (F:\WebProjects\dodo\server\node_modules\koa\node_modules\koa-compose\index.js:42:32)

pid: 15084
hostname: DESKTOP-5TBUIJO

2020-02-22 15:10:23,389 ERROR 8532 [-/127.0.0.1/-/28ms POST /media-report/create] nodejs.SyntaxError: Unexpected token o in JSON at position 1
    at JSON.parse (<anonymous>)
    at Promise (F:\WebProjects\dodo\server\app\service\media_report.js:28:25)
    at new Promise (<anonymous>)
    at ReportServices.addToList (F:\WebProjects\dodo\server\app\service\media_report.js:26:12)
    at ReportController.create (F:\WebProjects\dodo\server\app\controller\media_report.js:10:27)
    at Object.callFn (F:\WebProjects\dodo\server\node_modules\egg-core\lib\utils\index.js:44:21)
    at Object.classControllerMiddleware (F:\WebProjects\dodo\server\node_modules\egg-core\lib\loader\mixin\controller.js:87:20)
    at Object.callFn (F:\WebProjects\dodo\server\node_modules\@eggjs\router\lib\utils.js:12:21)
    at wrappedController (F:\WebProjects\dodo\server\node_modules\@eggjs\router\lib\egg_router.js:322:18)
    at dispatch (F:\WebProjects\dodo\server\node_modules\koa-compose\index.js:44:32)
    at next (F:\WebProjects\dodo\server\node_modules\koa-compose\index.js:45:18)
    at F:\WebProjects\dodo\server\node_modules\@eggjs\router\lib\router.js:190:18
    at dispatch (F:\WebProjects\dodo\server\node_modules\koa-compose\index.js:44:32)
    at F:\WebProjects\dodo\server\node_modules\koa-compose\index.js:36:12
    at dispatch (F:\WebProjects\dodo\server\node_modules\@eggjs\router\lib\router.js:195:33)
    at dispatch (F:\WebProjects\dodo\server\node_modules\koa\node_modules\koa-compose\index.js:42:32)

pid: 8532
hostname: DESKTOP-5TBUIJO

2020-02-24 11:44:04,046 ERROR 14124 nodejs.TypeError: Cannot read property 'name' of undefined
    at Promise (F:\WebProjects\dodo\server\app\service\media_report.js:42:58)
    at new Promise (<anonymous>)
    at ReportServices.image (F:\WebProjects\dodo\server\app\service\media_report.js:41:12)
    at ReportController.image (F:\WebProjects\dodo\server\app\controller\media_report.js:17:37)
    at Object.callFn (F:\WebProjects\dodo\server\node_modules\egg-core\lib\utils\index.js:44:21)
    at Object.classControllerMiddleware (F:\WebProjects\dodo\server\node_modules\egg-core\lib\loader\mixin\controller.js:87:20)
    at Object.callFn (F:\WebProjects\dodo\server\node_modules\@eggjs\router\lib\utils.js:12:21)
    at wrappedController (F:\WebProjects\dodo\server\node_modules\@eggjs\router\lib\egg_router.js:322:18)
    at dispatch (F:\WebProjects\dodo\server\node_modules\koa-compose\index.js:44:32)
    at next (F:\WebProjects\dodo\server\node_modules\koa-compose\index.js:45:18)
    at F:\WebProjects\dodo\server\node_modules\@eggjs\router\lib\router.js:190:18
    at dispatch (F:\WebProjects\dodo\server\node_modules\koa-compose\index.js:44:32)
    at F:\WebProjects\dodo\server\node_modules\koa-compose\index.js:36:12
    at dispatch (F:\WebProjects\dodo\server\node_modules\@eggjs\router\lib\router.js:195:33)
    at dispatch (F:\WebProjects\dodo\server\node_modules\koa\node_modules\koa-compose\index.js:42:32)
    at F:\WebProjects\dodo\server\node_modules\egg-development\app\middleware\egg_loader_trace.js:9:56

pid: 14124
hostname: DESKTOP-5TBUIJO

2020-02-24 11:51:52,162 ERROR 14124 nodejs.TypeError: Cannot read property 'name' of undefined
    at Promise (F:\WebProjects\dodo\server\app\service\media_report.js:42:58)
    at new Promise (<anonymous>)
    at ReportServices.image (F:\WebProjects\dodo\server\app\service\media_report.js:41:12)
    at ReportController.image (F:\WebProjects\dodo\server\app\controller\media_report.js:17:37)
    at Object.callFn (F:\WebProjects\dodo\server\node_modules\egg-core\lib\utils\index.js:44:21)
    at Object.classControllerMiddleware (F:\WebProjects\dodo\server\node_modules\egg-core\lib\loader\mixin\controller.js:87:20)
    at Object.callFn (F:\WebProjects\dodo\server\node_modules\@eggjs\router\lib\utils.js:12:21)
    at wrappedController (F:\WebProjects\dodo\server\node_modules\@eggjs\router\lib\egg_router.js:322:18)
    at dispatch (F:\WebProjects\dodo\server\node_modules\koa-compose\index.js:44:32)
    at next (F:\WebProjects\dodo\server\node_modules\koa-compose\index.js:45:18)
    at F:\WebProjects\dodo\server\node_modules\@eggjs\router\lib\router.js:190:18
    at dispatch (F:\WebProjects\dodo\server\node_modules\koa-compose\index.js:44:32)
    at F:\WebProjects\dodo\server\node_modules\koa-compose\index.js:36:12
    at dispatch (F:\WebProjects\dodo\server\node_modules\@eggjs\router\lib\router.js:195:33)
    at dispatch (F:\WebProjects\dodo\server\node_modules\koa\node_modules\koa-compose\index.js:42:32)
    at F:\WebProjects\dodo\server\node_modules\egg-development\app\middleware\egg_loader_trace.js:9:56

pid: 14124
hostname: DESKTOP-5TBUIJO

2020-02-24 11:52:38,853 ERROR 14124 nodejs.TypeError: Cannot read property 'name' of undefined
    at Promise (F:\WebProjects\dodo\server\app\service\media_report.js:42:58)
    at new Promise (<anonymous>)
    at ReportServices.image (F:\WebProjects\dodo\server\app\service\media_report.js:41:12)
    at ReportController.image (F:\WebProjects\dodo\server\app\controller\media_report.js:17:37)
    at Object.callFn (F:\WebProjects\dodo\server\node_modules\egg-core\lib\utils\index.js:44:21)
    at Object.classControllerMiddleware (F:\WebProjects\dodo\server\node_modules\egg-core\lib\loader\mixin\controller.js:87:20)
    at Object.callFn (F:\WebProjects\dodo\server\node_modules\@eggjs\router\lib\utils.js:12:21)
    at wrappedController (F:\WebProjects\dodo\server\node_modules\@eggjs\router\lib\egg_router.js:322:18)
    at dispatch (F:\WebProjects\dodo\server\node_modules\koa-compose\index.js:44:32)
    at next (F:\WebProjects\dodo\server\node_modules\koa-compose\index.js:45:18)
    at F:\WebProjects\dodo\server\node_modules\@eggjs\router\lib\router.js:190:18
    at dispatch (F:\WebProjects\dodo\server\node_modules\koa-compose\index.js:44:32)
    at F:\WebProjects\dodo\server\node_modules\koa-compose\index.js:36:12
    at dispatch (F:\WebProjects\dodo\server\node_modules\@eggjs\router\lib\router.js:195:33)
    at dispatch (F:\WebProjects\dodo\server\node_modules\koa\node_modules\koa-compose\index.js:42:32)
    at F:\WebProjects\dodo\server\node_modules\egg-development\app\middleware\egg_loader_trace.js:9:56

pid: 14124
hostname: DESKTOP-5TBUIJO

2020-02-24 11:53:20,877 ERROR 920 nodejs.TypeError: Cannot read property 'name' of undefined
    at Promise (F:\WebProjects\dodo\server\app\service\media_report.js:43:58)
    at new Promise (<anonymous>)
    at ReportServices.image (F:\WebProjects\dodo\server\app\service\media_report.js:42:12)
    at ReportController.image (F:\WebProjects\dodo\server\app\controller\media_report.js:17:37)
    at Object.callFn (F:\WebProjects\dodo\server\node_modules\egg-core\lib\utils\index.js:44:21)
    at Object.classControllerMiddleware (F:\WebProjects\dodo\server\node_modules\egg-core\lib\loader\mixin\controller.js:87:20)
    at Object.callFn (F:\WebProjects\dodo\server\node_modules\@eggjs\router\lib\utils.js:12:21)
    at wrappedController (F:\WebProjects\dodo\server\node_modules\@eggjs\router\lib\egg_router.js:322:18)
    at dispatch (F:\WebProjects\dodo\server\node_modules\koa-compose\index.js:44:32)
    at next (F:\WebProjects\dodo\server\node_modules\koa-compose\index.js:45:18)
    at F:\WebProjects\dodo\server\node_modules\@eggjs\router\lib\router.js:190:18
    at dispatch (F:\WebProjects\dodo\server\node_modules\koa-compose\index.js:44:32)
    at F:\WebProjects\dodo\server\node_modules\koa-compose\index.js:36:12
    at dispatch (F:\WebProjects\dodo\server\node_modules\@eggjs\router\lib\router.js:195:33)
    at dispatch (F:\WebProjects\dodo\server\node_modules\koa\node_modules\koa-compose\index.js:42:32)
    at F:\WebProjects\dodo\server\node_modules\egg-development\app\middleware\egg_loader_trace.js:9:56

pid: 920
hostname: DESKTOP-5TBUIJO

2020-02-24 11:54:33,593 ERROR 920 nodejs.TypeError: Cannot read property 'name' of undefined
    at Promise (F:\WebProjects\dodo\server\app\service\media_report.js:43:58)
    at new Promise (<anonymous>)
    at ReportServices.image (F:\WebProjects\dodo\server\app\service\media_report.js:42:12)
    at ReportController.image (F:\WebProjects\dodo\server\app\controller\media_report.js:17:37)
    at Object.callFn (F:\WebProjects\dodo\server\node_modules\egg-core\lib\utils\index.js:44:21)
    at Object.classControllerMiddleware (F:\WebProjects\dodo\server\node_modules\egg-core\lib\loader\mixin\controller.js:87:20)
    at Object.callFn (F:\WebProjects\dodo\server\node_modules\@eggjs\router\lib\utils.js:12:21)
    at wrappedController (F:\WebProjects\dodo\server\node_modules\@eggjs\router\lib\egg_router.js:322:18)
    at dispatch (F:\WebProjects\dodo\server\node_modules\koa-compose\index.js:44:32)
    at next (F:\WebProjects\dodo\server\node_modules\koa-compose\index.js:45:18)
    at F:\WebProjects\dodo\server\node_modules\@eggjs\router\lib\router.js:190:18
    at dispatch (F:\WebProjects\dodo\server\node_modules\koa-compose\index.js:44:32)
    at F:\WebProjects\dodo\server\node_modules\koa-compose\index.js:36:12
    at dispatch (F:\WebProjects\dodo\server\node_modules\@eggjs\router\lib\router.js:195:33)
    at dispatch (F:\WebProjects\dodo\server\node_modules\koa\node_modules\koa-compose\index.js:42:32)
    at F:\WebProjects\dodo\server\node_modules\egg-development\app\middleware\egg_loader_trace.js:9:56

pid: 920
hostname: DESKTOP-5TBUIJO

2020-02-24 11:55:21,265 ERROR 15252 nodejs.TypeError: Cannot read property 'name' of undefined
    at Promise (F:\WebProjects\dodo\server\app\service\media_report.js:42:58)
    at new Promise (<anonymous>)
    at ReportServices.image (F:\WebProjects\dodo\server\app\service\media_report.js:41:12)
    at ReportController.image (F:\WebProjects\dodo\server\app\controller\media_report.js:18:37)
    at Object.callFn (F:\WebProjects\dodo\server\node_modules\egg-core\lib\utils\index.js:44:21)
    at Object.classControllerMiddleware (F:\WebProjects\dodo\server\node_modules\egg-core\lib\loader\mixin\controller.js:87:20)
    at Object.callFn (F:\WebProjects\dodo\server\node_modules\@eggjs\router\lib\utils.js:12:21)
    at wrappedController (F:\WebProjects\dodo\server\node_modules\@eggjs\router\lib\egg_router.js:322:18)
    at dispatch (F:\WebProjects\dodo\server\node_modules\koa-compose\index.js:44:32)
    at next (F:\WebProjects\dodo\server\node_modules\koa-compose\index.js:45:18)
    at F:\WebProjects\dodo\server\node_modules\@eggjs\router\lib\router.js:190:18
    at dispatch (F:\WebProjects\dodo\server\node_modules\koa-compose\index.js:44:32)
    at F:\WebProjects\dodo\server\node_modules\koa-compose\index.js:36:12
    at dispatch (F:\WebProjects\dodo\server\node_modules\@eggjs\router\lib\router.js:195:33)
    at dispatch (F:\WebProjects\dodo\server\node_modules\koa\node_modules\koa-compose\index.js:42:32)
    at F:\WebProjects\dodo\server\node_modules\egg-development\app\middleware\egg_loader_trace.js:9:56

pid: 15252
hostname: DESKTOP-5TBUIJO

2020-02-24 11:56:44,642 ERROR 2484 nodejs.TypeError: Cannot read property 'name' of undefined
    at Promise (F:\WebProjects\dodo\server\app\service\media_report.js:43:58)
    at new Promise (<anonymous>)
    at ReportServices.image (F:\WebProjects\dodo\server\app\service\media_report.js:42:12)
    at ReportController.image (F:\WebProjects\dodo\server\app\controller\media_report.js:17:37)
    at Object.callFn (F:\WebProjects\dodo\server\node_modules\egg-core\lib\utils\index.js:44:21)
    at Object.classControllerMiddleware (F:\WebProjects\dodo\server\node_modules\egg-core\lib\loader\mixin\controller.js:87:20)
    at Object.callFn (F:\WebProjects\dodo\server\node_modules\@eggjs\router\lib\utils.js:12:21)
    at wrappedController (F:\WebProjects\dodo\server\node_modules\@eggjs\router\lib\egg_router.js:322:18)
    at dispatch (F:\WebProjects\dodo\server\node_modules\koa-compose\index.js:44:32)
    at next (F:\WebProjects\dodo\server\node_modules\koa-compose\index.js:45:18)
    at F:\WebProjects\dodo\server\node_modules\@eggjs\router\lib\router.js:190:18
    at dispatch (F:\WebProjects\dodo\server\node_modules\koa-compose\index.js:44:32)
    at F:\WebProjects\dodo\server\node_modules\koa-compose\index.js:36:12
    at dispatch (F:\WebProjects\dodo\server\node_modules\@eggjs\router\lib\router.js:195:33)
    at dispatch (F:\WebProjects\dodo\server\node_modules\koa\node_modules\koa-compose\index.js:42:32)
    at F:\WebProjects\dodo\server\node_modules\egg-development\app\middleware\egg_loader_trace.js:9:56

pid: 2484
hostname: DESKTOP-5TBUIJO

2020-02-24 11:57:14,780 ERROR 1308 nodejs.TypeError: Cannot read property 'name' of undefined
    at Promise (F:\WebProjects\dodo\server\app\service\media_report.js:43:58)
    at new Promise (<anonymous>)
    at ReportServices.image (F:\WebProjects\dodo\server\app\service\media_report.js:42:12)
    at ReportController.image (F:\WebProjects\dodo\server\app\controller\media_report.js:17:37)
    at Object.callFn (F:\WebProjects\dodo\server\node_modules\egg-core\lib\utils\index.js:44:21)
    at Object.classControllerMiddleware (F:\WebProjects\dodo\server\node_modules\egg-core\lib\loader\mixin\controller.js:87:20)
    at Object.callFn (F:\WebProjects\dodo\server\node_modules\@eggjs\router\lib\utils.js:12:21)
    at wrappedController (F:\WebProjects\dodo\server\node_modules\@eggjs\router\lib\egg_router.js:322:18)
    at dispatch (F:\WebProjects\dodo\server\node_modules\koa-compose\index.js:44:32)
    at next (F:\WebProjects\dodo\server\node_modules\koa-compose\index.js:45:18)
    at F:\WebProjects\dodo\server\node_modules\@eggjs\router\lib\router.js:190:18
    at dispatch (F:\WebProjects\dodo\server\node_modules\koa-compose\index.js:44:32)
    at F:\WebProjects\dodo\server\node_modules\koa-compose\index.js:36:12
    at dispatch (F:\WebProjects\dodo\server\node_modules\@eggjs\router\lib\router.js:195:33)
    at dispatch (F:\WebProjects\dodo\server\node_modules\koa\node_modules\koa-compose\index.js:42:32)
    at F:\WebProjects\dodo\server\node_modules\egg-development\app\middleware\egg_loader_trace.js:9:56

pid: 1308
hostname: DESKTOP-5TBUIJO

2020-02-24 12:06:21,471 ERROR 15676 nodejs.TypeError: the multipart request can't be consumed twice
    at Object.multipart (F:\WebProjects\dodo\server\node_modules\egg-multipart\app\extend\context.js:168:35)
    at Object.getFileStream (F:\WebProjects\dodo\server\node_modules\egg-multipart\app\extend\context.js:206:24)
    at ReportController.image (F:\WebProjects\dodo\server\app\controller\media_report.js:17:22)
    at Object.callFn (F:\WebProjects\dodo\server\node_modules\egg-core\lib\utils\index.js:44:21)
    at Object.classControllerMiddleware (F:\WebProjects\dodo\server\node_modules\egg-core\lib\loader\mixin\controller.js:87:20)
    at Object.callFn (F:\WebProjects\dodo\server\node_modules\@eggjs\router\lib\utils.js:12:21)
    at wrappedController (F:\WebProjects\dodo\server\node_modules\@eggjs\router\lib\egg_router.js:322:18)
    at dispatch (F:\WebProjects\dodo\server\node_modules\koa-compose\index.js:44:32)
    at next (F:\WebProjects\dodo\server\node_modules\koa-compose\index.js:45:18)
    at F:\WebProjects\dodo\server\node_modules\@eggjs\router\lib\router.js:190:18
    at dispatch (F:\WebProjects\dodo\server\node_modules\koa-compose\index.js:44:32)
    at F:\WebProjects\dodo\server\node_modules\koa-compose\index.js:36:12
    at dispatch (F:\WebProjects\dodo\server\node_modules\@eggjs\router\lib\router.js:195:33)
    at dispatch (F:\WebProjects\dodo\server\node_modules\koa\node_modules\koa-compose\index.js:42:32)
    at F:\WebProjects\dodo\server\node_modules\egg-development\app\middleware\egg_loader_trace.js:9:56
    at dispatch (F:\WebProjects\dodo\server\node_modules\koa\node_modules\koa-compose\index.js:42:32)

pid: 15676
hostname: DESKTOP-5TBUIJO

2020-02-24 12:06:21,474 ERROR 15676 nodejs.TypeError: Cannot read property 'name' of undefined
    at Promise (F:\WebProjects\dodo\server\app\service\media_report.js:42:58)
    at new Promise (<anonymous>)
    at ReportServices.image (F:\WebProjects\dodo\server\app\service\media_report.js:41:12)
    at ReportController.image (F:\WebProjects\dodo\server\app\controller\media_report.js:19:37)
    at Object.callFn (F:\WebProjects\dodo\server\node_modules\egg-core\lib\utils\index.js:44:21)
    at Object.classControllerMiddleware (F:\WebProjects\dodo\server\node_modules\egg-core\lib\loader\mixin\controller.js:87:20)
    at Object.callFn (F:\WebProjects\dodo\server\node_modules\@eggjs\router\lib\utils.js:12:21)
    at wrappedController (F:\WebProjects\dodo\server\node_modules\@eggjs\router\lib\egg_router.js:322:18)
    at dispatch (F:\WebProjects\dodo\server\node_modules\koa-compose\index.js:44:32)
    at next (F:\WebProjects\dodo\server\node_modules\koa-compose\index.js:45:18)
    at F:\WebProjects\dodo\server\node_modules\@eggjs\router\lib\router.js:190:18
    at dispatch (F:\WebProjects\dodo\server\node_modules\koa-compose\index.js:44:32)
    at F:\WebProjects\dodo\server\node_modules\koa-compose\index.js:36:12
    at dispatch (F:\WebProjects\dodo\server\node_modules\@eggjs\router\lib\router.js:195:33)
    at dispatch (F:\WebProjects\dodo\server\node_modules\koa\node_modules\koa-compose\index.js:42:32)
    at F:\WebProjects\dodo\server\node_modules\egg-development\app\middleware\egg_loader_trace.js:9:56

pid: 15676
hostname: DESKTOP-5TBUIJO

2020-02-24 12:12:02,714 ERROR 920 nodejs.TypeError: Cannot read property 'name' of undefined
    at Promise (F:\WebProjects\dodo\server\app\service\media_report.js:42:58)
    at new Promise (<anonymous>)
    at ReportServices.image (F:\WebProjects\dodo\server\app\service\media_report.js:41:12)
    at ReportController.image (F:\WebProjects\dodo\server\app\controller\media_report.js:18:37)
    at Object.callFn (F:\WebProjects\dodo\server\node_modules\egg-core\lib\utils\index.js:44:21)
    at Object.classControllerMiddleware (F:\WebProjects\dodo\server\node_modules\egg-core\lib\loader\mixin\controller.js:87:20)
    at Object.callFn (F:\WebProjects\dodo\server\node_modules\@eggjs\router\lib\utils.js:12:21)
    at wrappedController (F:\WebProjects\dodo\server\node_modules\@eggjs\router\lib\egg_router.js:322:18)
    at dispatch (F:\WebProjects\dodo\server\node_modules\koa-compose\index.js:44:32)
    at next (F:\WebProjects\dodo\server\node_modules\koa-compose\index.js:45:18)
    at F:\WebProjects\dodo\server\node_modules\@eggjs\router\lib\router.js:190:18
    at dispatch (F:\WebProjects\dodo\server\node_modules\koa-compose\index.js:44:32)
    at F:\WebProjects\dodo\server\node_modules\koa-compose\index.js:36:12
    at dispatch (F:\WebProjects\dodo\server\node_modules\@eggjs\router\lib\router.js:195:33)
    at dispatch (F:\WebProjects\dodo\server\node_modules\koa\node_modules\koa-compose\index.js:42:32)
    at F:\WebProjects\dodo\server\node_modules\egg-development\app\middleware\egg_loader_trace.js:9:56

pid: 920
hostname: DESKTOP-5TBUIJO

2020-02-24 12:18:14,709 ERROR 16164 nodejs.TypeError: Cannot read property 'name' of undefined
    at Promise (F:\WebProjects\dodo\server\app\service\media_report.js:42:58)
    at new Promise (<anonymous>)
    at ReportServices.image (F:\WebProjects\dodo\server\app\service\media_report.js:41:12)
    at ReportController.image (F:\WebProjects\dodo\server\app\controller\media_report.js:18:37)
    at Object.callFn (F:\WebProjects\dodo\server\node_modules\egg-core\lib\utils\index.js:44:21)
    at Object.classControllerMiddleware (F:\WebProjects\dodo\server\node_modules\egg-core\lib\loader\mixin\controller.js:87:20)
    at Object.callFn (F:\WebProjects\dodo\server\node_modules\@eggjs\router\lib\utils.js:12:21)
    at wrappedController (F:\WebProjects\dodo\server\node_modules\@eggjs\router\lib\egg_router.js:322:18)
    at dispatch (F:\WebProjects\dodo\server\node_modules\koa-compose\index.js:44:32)
    at next (F:\WebProjects\dodo\server\node_modules\koa-compose\index.js:45:18)
    at F:\WebProjects\dodo\server\node_modules\@eggjs\router\lib\router.js:190:18
    at dispatch (F:\WebProjects\dodo\server\node_modules\koa-compose\index.js:44:32)
    at F:\WebProjects\dodo\server\node_modules\koa-compose\index.js:36:12
    at dispatch (F:\WebProjects\dodo\server\node_modules\@eggjs\router\lib\router.js:195:33)
    at dispatch (F:\WebProjects\dodo\server\node_modules\koa\node_modules\koa-compose\index.js:42:32)
    at F:\WebProjects\dodo\server\node_modules\egg-development\app\middleware\egg_loader_trace.js:9:56

pid: 16164
hostname: DESKTOP-5TBUIJO

2020-02-24 13:45:53,136 ERROR 16184 nodejs.TypeError: Cannot read property 'name' of undefined
    at Promise (F:\WebProjects\dodo\server\app\service\media_report.js:42:58)
    at new Promise (<anonymous>)
    at ReportServices.image (F:\WebProjects\dodo\server\app\service\media_report.js:41:12)
    at ReportController.image (F:\WebProjects\dodo\server\app\controller\media_report.js:18:37)
    at Object.callFn (F:\WebProjects\dodo\server\node_modules\egg-core\lib\utils\index.js:44:21)
    at Object.classControllerMiddleware (F:\WebProjects\dodo\server\node_modules\egg-core\lib\loader\mixin\controller.js:87:20)
    at Object.callFn (F:\WebProjects\dodo\server\node_modules\@eggjs\router\lib\utils.js:12:21)
    at wrappedController (F:\WebProjects\dodo\server\node_modules\@eggjs\router\lib\egg_router.js:322:18)
    at dispatch (F:\WebProjects\dodo\server\node_modules\koa-compose\index.js:44:32)
    at next (F:\WebProjects\dodo\server\node_modules\koa-compose\index.js:45:18)
    at F:\WebProjects\dodo\server\node_modules\@eggjs\router\lib\router.js:190:18
    at dispatch (F:\WebProjects\dodo\server\node_modules\koa-compose\index.js:44:32)
    at F:\WebProjects\dodo\server\node_modules\koa-compose\index.js:36:12
    at dispatch (F:\WebProjects\dodo\server\node_modules\@eggjs\router\lib\router.js:195:33)
    at dispatch (F:\WebProjects\dodo\server\node_modules\koa\node_modules\koa-compose\index.js:42:32)
    at F:\WebProjects\dodo\server\node_modules\egg-development\app\middleware\egg_loader_trace.js:9:56

pid: 16184
hostname: DESKTOP-5TBUIJO

2020-02-24 13:48:18,433 ERROR 14632 [-/127.0.0.1/-/20ms POST /media-report/image] nodejs.TypeError: the multipart request can't be consumed twice
    at Object.multipart (F:\WebProjects\dodo\server\node_modules\egg-multipart\app\extend\context.js:168:35)
    at Object.getFileStream (F:\WebProjects\dodo\server\node_modules\egg-multipart\app\extend\context.js:206:24)
    at ReportController.image (F:\WebProjects\dodo\server\app\controller\media_report.js:17:30)
    at Object.callFn (F:\WebProjects\dodo\server\node_modules\egg-core\lib\utils\index.js:44:21)
    at Object.classControllerMiddleware (F:\WebProjects\dodo\server\node_modules\egg-core\lib\loader\mixin\controller.js:87:20)
    at Object.callFn (F:\WebProjects\dodo\server\node_modules\@eggjs\router\lib\utils.js:12:21)
    at wrappedController (F:\WebProjects\dodo\server\node_modules\@eggjs\router\lib\egg_router.js:322:18)
    at dispatch (F:\WebProjects\dodo\server\node_modules\koa-compose\index.js:44:32)
    at next (F:\WebProjects\dodo\server\node_modules\koa-compose\index.js:45:18)
    at F:\WebProjects\dodo\server\node_modules\@eggjs\router\lib\router.js:190:18
    at dispatch (F:\WebProjects\dodo\server\node_modules\koa-compose\index.js:44:32)
    at F:\WebProjects\dodo\server\node_modules\koa-compose\index.js:36:12
    at dispatch (F:\WebProjects\dodo\server\node_modules\@eggjs\router\lib\router.js:195:33)
    at dispatch (F:\WebProjects\dodo\server\node_modules\koa\node_modules\koa-compose\index.js:42:32)
    at F:\WebProjects\dodo\server\node_modules\egg-development\app\middleware\egg_loader_trace.js:9:56
    at dispatch (F:\WebProjects\dodo\server\node_modules\koa\node_modules\koa-compose\index.js:42:32)

pid: 14632
hostname: DESKTOP-5TBUIJO

2020-02-24 13:51:36,614 ERROR 17320 nodejs.TypeError: Cannot read property 'name' of undefined
    at Promise (F:\WebProjects\dodo\server\app\service\media_report.js:42:58)
    at new Promise (<anonymous>)
    at ReportServices.image (F:\WebProjects\dodo\server\app\service\media_report.js:41:12)
    at ReportController.image (F:\WebProjects\dodo\server\app\controller\media_report.js:18:37)
    at Object.callFn (F:\WebProjects\dodo\server\node_modules\egg-core\lib\utils\index.js:44:21)
    at Object.classControllerMiddleware (F:\WebProjects\dodo\server\node_modules\egg-core\lib\loader\mixin\controller.js:87:20)
    at Object.callFn (F:\WebProjects\dodo\server\node_modules\@eggjs\router\lib\utils.js:12:21)
    at wrappedController (F:\WebProjects\dodo\server\node_modules\@eggjs\router\lib\egg_router.js:322:18)
    at dispatch (F:\WebProjects\dodo\server\node_modules\koa-compose\index.js:44:32)
    at next (F:\WebProjects\dodo\server\node_modules\koa-compose\index.js:45:18)
    at F:\WebProjects\dodo\server\node_modules\@eggjs\router\lib\router.js:190:18
    at dispatch (F:\WebProjects\dodo\server\node_modules\koa-compose\index.js:44:32)
    at F:\WebProjects\dodo\server\node_modules\koa-compose\index.js:36:12
    at dispatch (F:\WebProjects\dodo\server\node_modules\@eggjs\router\lib\router.js:195:33)
    at dispatch (F:\WebProjects\dodo\server\node_modules\koa\node_modules\koa-compose\index.js:42:32)
    at F:\WebProjects\dodo\server\node_modules\egg-development\app\middleware\egg_loader_trace.js:9:56

pid: 17320
hostname: DESKTOP-5TBUIJO

2020-02-24 14:20:58,435 ERROR 10676 [-/127.0.0.1/-/16ms POST /media-report/image] nodejs.TypeError: file.setEncoding is not a function
    at ReportServices.image (F:\WebProjects\dodo\server\app\service\media_report.js:40:10)
    at ReportController.image (F:\WebProjects\dodo\server\app\controller\media_report.js:18:37)
    at Object.callFn (F:\WebProjects\dodo\server\node_modules\egg-core\lib\utils\index.js:44:21)
    at Object.classControllerMiddleware (F:\WebProjects\dodo\server\node_modules\egg-core\lib\loader\mixin\controller.js:87:20)
    at Object.callFn (F:\WebProjects\dodo\server\node_modules\@eggjs\router\lib\utils.js:12:21)
    at wrappedController (F:\WebProjects\dodo\server\node_modules\@eggjs\router\lib\egg_router.js:322:18)
    at dispatch (F:\WebProjects\dodo\server\node_modules\koa-compose\index.js:44:32)
    at next (F:\WebProjects\dodo\server\node_modules\koa-compose\index.js:45:18)
    at F:\WebProjects\dodo\server\node_modules\@eggjs\router\lib\router.js:190:18
    at dispatch (F:\WebProjects\dodo\server\node_modules\koa-compose\index.js:44:32)
    at F:\WebProjects\dodo\server\node_modules\koa-compose\index.js:36:12
    at dispatch (F:\WebProjects\dodo\server\node_modules\@eggjs\router\lib\router.js:195:33)
    at dispatch (F:\WebProjects\dodo\server\node_modules\koa\node_modules\koa-compose\index.js:42:32)
    at F:\WebProjects\dodo\server\node_modules\egg-development\app\middleware\egg_loader_trace.js:9:56
    at dispatch (F:\WebProjects\dodo\server\node_modules\koa\node_modules\koa-compose\index.js:42:32)
    at multipart (F:\WebProjects\dodo\server\node_modules\egg-multipart\app\middleware\multipart.js:14:12)

pid: 10676
hostname: DESKTOP-5TBUIJO

2020-02-24 14:34:18,343 ERROR 1600 [-/127.0.0.1/-/17ms POST /media-report/image] nodejs.TypeError [ERR_INVALID_ARG_TYPE]: The first argument must be one of type string, Buffer, ArrayBuffer, Array, or Array-like Object. Received type object
    at Function.from (buffer.js:232:9)
    at ReportServices.image (F:\WebProjects\dodo\server\app\service\media_report.js:40:29)
    at ReportController.image (F:\WebProjects\dodo\server\app\controller\media_report.js:18:37)
    at Object.callFn (F:\WebProjects\dodo\server\node_modules\egg-core\lib\utils\index.js:44:21)
    at Object.classControllerMiddleware (F:\WebProjects\dodo\server\node_modules\egg-core\lib\loader\mixin\controller.js:87:20)
    at Object.callFn (F:\WebProjects\dodo\server\node_modules\@eggjs\router\lib\utils.js:12:21)
    at wrappedController (F:\WebProjects\dodo\server\node_modules\@eggjs\router\lib\egg_router.js:322:18)
    at dispatch (F:\WebProjects\dodo\server\node_modules\koa-compose\index.js:44:32)
    at next (F:\WebProjects\dodo\server\node_modules\koa-compose\index.js:45:18)
    at F:\WebProjects\dodo\server\node_modules\@eggjs\router\lib\router.js:190:18
    at dispatch (F:\WebProjects\dodo\server\node_modules\koa-compose\index.js:44:32)
    at F:\WebProjects\dodo\server\node_modules\koa-compose\index.js:36:12
    at dispatch (F:\WebProjects\dodo\server\node_modules\@eggjs\router\lib\router.js:195:33)
    at dispatch (F:\WebProjects\dodo\server\node_modules\koa\node_modules\koa-compose\index.js:42:32)
    at F:\WebProjects\dodo\server\node_modules\egg-development\app\middleware\egg_loader_trace.js:9:56
    at dispatch (F:\WebProjects\dodo\server\node_modules\koa\node_modules\koa-compose\index.js:42:32)

pid: 1600
hostname: DESKTOP-5TBUIJO

2020-02-24 14:34:41,528 ERROR 7376 [-/127.0.0.1/-/17ms POST /media-report/image] nodejs.TypeError [ERR_INVALID_ARG_TYPE]: The first argument must be one of type string, Buffer, ArrayBuffer, Array, or Array-like Object. Received type object
    at Function.from (buffer.js:232:9)
    at new Buffer (buffer.js:182:17)
    at ReportServices.image (F:\WebProjects\dodo\server\app\service\media_report.js:40:22)
    at ReportController.image (F:\WebProjects\dodo\server\app\controller\media_report.js:18:37)
    at Object.callFn (F:\WebProjects\dodo\server\node_modules\egg-core\lib\utils\index.js:44:21)
    at Object.classControllerMiddleware (F:\WebProjects\dodo\server\node_modules\egg-core\lib\loader\mixin\controller.js:87:20)
    at Object.callFn (F:\WebProjects\dodo\server\node_modules\@eggjs\router\lib\utils.js:12:21)
    at wrappedController (F:\WebProjects\dodo\server\node_modules\@eggjs\router\lib\egg_router.js:322:18)
    at dispatch (F:\WebProjects\dodo\server\node_modules\koa-compose\index.js:44:32)
    at next (F:\WebProjects\dodo\server\node_modules\koa-compose\index.js:45:18)
    at F:\WebProjects\dodo\server\node_modules\@eggjs\router\lib\router.js:190:18
    at dispatch (F:\WebProjects\dodo\server\node_modules\koa-compose\index.js:44:32)
    at F:\WebProjects\dodo\server\node_modules\koa-compose\index.js:36:12
    at dispatch (F:\WebProjects\dodo\server\node_modules\@eggjs\router\lib\router.js:195:33)
    at dispatch (F:\WebProjects\dodo\server\node_modules\koa\node_modules\koa-compose\index.js:42:32)
    at F:\WebProjects\dodo\server\node_modules\egg-development\app\middleware\egg_loader_trace.js:9:56

pid: 7376
hostname: DESKTOP-5TBUIJO

2020-02-24 14:41:40,331 ERROR 16804 nodejs.ReferenceError: fileData is not defined
    at Promise (F:\WebProjects\dodo\server\app\service\media_report.js:42:70)
    at new Promise (<anonymous>)
    at ReportServices.image (F:\WebProjects\dodo\server\app\service\media_report.js:41:12)
    at ReportController.image (F:\WebProjects\dodo\server\app\controller\media_report.js:18:37)
    at Object.callFn (F:\WebProjects\dodo\server\node_modules\egg-core\lib\utils\index.js:44:21)
    at Object.classControllerMiddleware (F:\WebProjects\dodo\server\node_modules\egg-core\lib\loader\mixin\controller.js:87:20)
    at Object.callFn (F:\WebProjects\dodo\server\node_modules\@eggjs\router\lib\utils.js:12:21)
    at wrappedController (F:\WebProjects\dodo\server\node_modules\@eggjs\router\lib\egg_router.js:322:18)
    at dispatch (F:\WebProjects\dodo\server\node_modules\koa-compose\index.js:44:32)
    at next (F:\WebProjects\dodo\server\node_modules\koa-compose\index.js:45:18)
    at F:\WebProjects\dodo\server\node_modules\@eggjs\router\lib\router.js:190:18
    at dispatch (F:\WebProjects\dodo\server\node_modules\koa-compose\index.js:44:32)
    at F:\WebProjects\dodo\server\node_modules\koa-compose\index.js:36:12
    at dispatch (F:\WebProjects\dodo\server\node_modules\@eggjs\router\lib\router.js:195:33)
    at dispatch (F:\WebProjects\dodo\server\node_modules\koa\node_modules\koa-compose\index.js:42:32)
    at F:\WebProjects\dodo\server\node_modules\egg-development\app\middleware\egg_loader_trace.js:9:56

pid: 16804
hostname: DESKTOP-5TBUIJO

2020-02-24 15:32:02,616 ERROR 1096 [-/127.0.0.1/-/12ms POST /media-report/image] nodejs.ENOENTError: ENOENT: no such file or directory, open 'F:\WebProjects\dodo\lizard\images\media-report\p7-bg.png'
ENOENTError: ENOENT: no such file or directory, open 'F:\WebProjects\dodo\lizard\images\media-report\p7-bg.png'
errno: -4058
code: "ENOENT"
syscall: "open"
path: "F:\\WebProjects\\dodo\\lizard\\images\\media-report\\p7-bg.png"
name: "ENOENTError"
pid: 1096
hostname: DESKTOP-5TBUIJO

2020-02-24 15:32:15,831 ERROR 1096 [-/127.0.0.1/-/5ms POST /media-report/image] nodejs.ENOENTError: ENOENT: no such file or directory, open 'F:\WebProjects\dodo\lizard\images\media-report\p5-环状图.png'
ENOENTError: ENOENT: no such file or directory, open 'F:\WebProjects\dodo\lizard\images\media-report\p5-环状图.png'
errno: -4058
code: "ENOENT"
syscall: "open"
path: "F:\\WebProjects\\dodo\\lizard\\images\\media-report\\p5-环状图.png"
name: "ENOENTError"
pid: 1096
hostname: DESKTOP-5TBUIJO

2020-02-24 16:25:03,229 ERROR 8632 nodejs.unhandledExceptionError: read ECONNRESET
    at TCP.onStreamRead (internal/stream_base_commons.js:111:27)
errno: "ECONNRESET"
code: "ECONNRESET"
syscall: "read"
name: "unhandledExceptionError"
pid: 8632
hostname: DESKTOP-5TBUIJO

2020-02-24 16:25:28,480 ERROR 8632 nodejs.unhandledExceptionError: read ECONNRESET
    at TCP.onStreamRead (internal/stream_base_commons.js:111:27)
errno: "ECONNRESET"
code: "ECONNRESET"
syscall: "read"
name: "unhandledExceptionError"
pid: 8632
hostname: DESKTOP-5TBUIJO

2020-02-24 16:41:26,936 ERROR 8632 nodejs.unhandledExceptionError: read ECONNRESET
    at TCP.onStreamRead (internal/stream_base_commons.js:111:27)
errno: "ECONNRESET"
code: "ECONNRESET"
syscall: "read"
name: "unhandledExceptionError"
pid: 8632
hostname: DESKTOP-5TBUIJO

2020-02-24 16:42:18,585 ERROR 8632 nodejs.unhandledExceptionError: read ECONNRESET
    at TCP.onStreamRead (internal/stream_base_commons.js:111:27)
errno: "ECONNRESET"
code: "ECONNRESET"
syscall: "read"
name: "unhandledExceptionError"
pid: 8632
hostname: DESKTOP-5TBUIJO

2020-02-28 11:56:11,102 ERROR 6196 [-/127.0.0.1/-/21ms POST /media-report/image] nodejs.ENOENTError: ENOENT: no such file or directory, open 'F:\WebProjects\dodo\client\lizard\src\img\media-report\2020-02-28\MB-P6.png'
ENOENTError: ENOENT: no such file or directory, open 'F:\WebProjects\dodo\client\lizard\src\img\media-report\2020-02-28\MB-P6.png'
errno: -4058
code: "ENOENT"
syscall: "open"
path: "F:\\WebProjects\\dodo\\client\\lizard\\src\\img\\media-report\\2020-02-28\\MB-P6.png"
name: "ENOENTError"
pid: 6196
hostname: DESKTOP-5TBUIJO

2020-03-02 13:46:21,425 ERROR 12020 nodejs.ClusterClientNoResponseError: client no response in 5396707ms exceeding maxIdleTime 60000ms, maybe the connection is close on other side.
    at Timeout.Leader._heartbeatTimer.setInterval [as _onTimeout] (F:\WebProjects\dodo\server\node_modules\cluster-client\lib\leader.js:77:23)
    at ontimeout (timers.js:436:11)
    at tryOnTimeout (timers.js:300:5)
    at listOnTimeout (timers.js:263:5)
    at Timer.processTimers (timers.js:223:10)
name: "ClusterClientNoResponseError"
pid: 12020
hostname: DESKTOP-5TBUIJO

2020-03-02 14:59:31,433 ERROR 1504 [-/127.0.0.1/-/1ms POST /file-api/merge] nodejs.TypeError: service.file.merge is not a function
    at FileController.merge (F:\WebProjects\dodo\server\app\controller\file.js:17:41)
    at Object.callFn (F:\WebProjects\dodo\server\node_modules\egg-core\lib\utils\index.js:44:21)
    at Object.classControllerMiddleware (F:\WebProjects\dodo\server\node_modules\egg-core\lib\loader\mixin\controller.js:87:20)
    at Object.callFn (F:\WebProjects\dodo\server\node_modules\@eggjs\router\lib\utils.js:12:21)
    at wrappedController (F:\WebProjects\dodo\server\node_modules\@eggjs\router\lib\egg_router.js:322:18)
    at dispatch (F:\WebProjects\dodo\server\node_modules\koa-compose\index.js:44:32)
    at next (F:\WebProjects\dodo\server\node_modules\koa-compose\index.js:45:18)
    at F:\WebProjects\dodo\server\node_modules\@eggjs\router\lib\router.js:190:18
    at dispatch (F:\WebProjects\dodo\server\node_modules\koa-compose\index.js:44:32)
    at F:\WebProjects\dodo\server\node_modules\koa-compose\index.js:36:12
    at dispatch (F:\WebProjects\dodo\server\node_modules\@eggjs\router\lib\router.js:195:33)
    at dispatch (F:\WebProjects\dodo\server\node_modules\koa\node_modules\koa-compose\index.js:42:32)
    at F:\WebProjects\dodo\server\node_modules\egg-development\app\middleware\egg_loader_trace.js:9:56
    at dispatch (F:\WebProjects\dodo\server\node_modules\koa\node_modules\koa-compose\index.js:42:32)
    at i18n (F:\WebProjects\dodo\server\node_modules\egg-i18n\app\middleware\i18n.js:13:12)
    at dispatch (F:\WebProjects\dodo\server\node_modules\koa\node_modules\koa-compose\index.js:42:32)
headers: {"Access-Control-Allow-Origin":"http://localhost:3000","Access-Control-Allow-Credentials":"true","vary":"Origin"}
pid: 1504
hostname: DESKTOP-5TBUIJO

2020-03-02 15:18:54,604 ERROR 15288 [-/127.0.0.1/-/9ms POST /file-api/upload] nodejs.TypeError: Cannot destructure property `hash` of 'undefined' or 'null'.
    at FileServices.upload (F:\WebProjects\dodo\server\app\service\file.js:9:29)
    at FileController.upload (F:\WebProjects\dodo\server\app\controller\file.js:10:41)
    at Object.callFn (F:\WebProjects\dodo\server\node_modules\egg-core\lib\utils\index.js:44:21)
    at Object.classControllerMiddleware (F:\WebProjects\dodo\server\node_modules\egg-core\lib\loader\mixin\controller.js:87:20)
    at Object.callFn (F:\WebProjects\dodo\server\node_modules\@eggjs\router\lib\utils.js:12:21)
    at wrappedController (F:\WebProjects\dodo\server\node_modules\@eggjs\router\lib\egg_router.js:322:18)
    at dispatch (F:\WebProjects\dodo\server\node_modules\koa-compose\index.js:44:32)
    at next (F:\WebProjects\dodo\server\node_modules\koa-compose\index.js:45:18)
    at F:\WebProjects\dodo\server\node_modules\@eggjs\router\lib\router.js:190:18
    at dispatch (F:\WebProjects\dodo\server\node_modules\koa-compose\index.js:44:32)
    at F:\WebProjects\dodo\server\node_modules\koa-compose\index.js:36:12
    at dispatch (F:\WebProjects\dodo\server\node_modules\@eggjs\router\lib\router.js:195:33)
    at dispatch (F:\WebProjects\dodo\server\node_modules\koa\node_modules\koa-compose\index.js:42:32)
    at F:\WebProjects\dodo\server\node_modules\egg-development\app\middleware\egg_loader_trace.js:9:56
    at dispatch (F:\WebProjects\dodo\server\node_modules\koa\node_modules\koa-compose\index.js:42:32)
    at i18n (F:\WebProjects\dodo\server\node_modules\egg-i18n\app\middleware\i18n.js:13:12)
headers: {"Access-Control-Allow-Origin":"http://localhost:3000","Access-Control-Allow-Credentials":"true","vary":"Origin"}
pid: 15288
hostname: DESKTOP-5TBUIJO

2020-03-02 15:18:54,614 ERROR 15288 [-/127.0.0.1/-/3ms POST /file-api/upload] nodejs.TypeError: Cannot destructure property `hash` of 'undefined' or 'null'.
    at FileServices.upload (F:\WebProjects\dodo\server\app\service\file.js:9:29)
    at FileController.upload (F:\WebProjects\dodo\server\app\controller\file.js:10:41)
    at Object.callFn (F:\WebProjects\dodo\server\node_modules\egg-core\lib\utils\index.js:44:21)
    at Object.classControllerMiddleware (F:\WebProjects\dodo\server\node_modules\egg-core\lib\loader\mixin\controller.js:87:20)
    at Object.callFn (F:\WebProjects\dodo\server\node_modules\@eggjs\router\lib\utils.js:12:21)
    at wrappedController (F:\WebProjects\dodo\server\node_modules\@eggjs\router\lib\egg_router.js:322:18)
    at dispatch (F:\WebProjects\dodo\server\node_modules\koa-compose\index.js:44:32)
    at next (F:\WebProjects\dodo\server\node_modules\koa-compose\index.js:45:18)
    at F:\WebProjects\dodo\server\node_modules\@eggjs\router\lib\router.js:190:18
    at dispatch (F:\WebProjects\dodo\server\node_modules\koa-compose\index.js:44:32)
    at F:\WebProjects\dodo\server\node_modules\koa-compose\index.js:36:12
    at dispatch (F:\WebProjects\dodo\server\node_modules\@eggjs\router\lib\router.js:195:33)
    at dispatch (F:\WebProjects\dodo\server\node_modules\koa\node_modules\koa-compose\index.js:42:32)
    at F:\WebProjects\dodo\server\node_modules\egg-development\app\middleware\egg_loader_trace.js:9:56
    at dispatch (F:\WebProjects\dodo\server\node_modules\koa\node_modules\koa-compose\index.js:42:32)
    at i18n (F:\WebProjects\dodo\server\node_modules\egg-i18n\app\middleware\i18n.js:13:12)
headers: {"Access-Control-Allow-Origin":"http://localhost:3000","Access-Control-Allow-Credentials":"true","vary":"Origin"}
pid: 15288
hostname: DESKTOP-5TBUIJO

2020-03-02 15:18:54,618 ERROR 15288 [-/127.0.0.1/-/1ms POST /file-api/upload] nodejs.TypeError: Cannot destructure property `hash` of 'undefined' or 'null'.
    at FileServices.upload (F:\WebProjects\dodo\server\app\service\file.js:9:29)
    at FileController.upload (F:\WebProjects\dodo\server\app\controller\file.js:10:41)
    at Object.callFn (F:\WebProjects\dodo\server\node_modules\egg-core\lib\utils\index.js:44:21)
    at Object.classControllerMiddleware (F:\WebProjects\dodo\server\node_modules\egg-core\lib\loader\mixin\controller.js:87:20)
    at Object.callFn (F:\WebProjects\dodo\server\node_modules\@eggjs\router\lib\utils.js:12:21)
    at wrappedController (F:\WebProjects\dodo\server\node_modules\@eggjs\router\lib\egg_router.js:322:18)
    at dispatch (F:\WebProjects\dodo\server\node_modules\koa-compose\index.js:44:32)
    at next (F:\WebProjects\dodo\server\node_modules\koa-compose\index.js:45:18)
    at F:\WebProjects\dodo\server\node_modules\@eggjs\router\lib\router.js:190:18
    at dispatch (F:\WebProjects\dodo\server\node_modules\koa-compose\index.js:44:32)
    at F:\WebProjects\dodo\server\node_modules\koa-compose\index.js:36:12
    at dispatch (F:\WebProjects\dodo\server\node_modules\@eggjs\router\lib\router.js:195:33)
    at dispatch (F:\WebProjects\dodo\server\node_modules\koa\node_modules\koa-compose\index.js:42:32)
    at F:\WebProjects\dodo\server\node_modules\egg-development\app\middleware\egg_loader_trace.js:9:56
    at dispatch (F:\WebProjects\dodo\server\node_modules\koa\node_modules\koa-compose\index.js:42:32)
    at i18n (F:\WebProjects\dodo\server\node_modules\egg-i18n\app\middleware\i18n.js:13:12)
headers: {"Access-Control-Allow-Origin":"http://localhost:3000","Access-Control-Allow-Credentials":"true","vary":"Origin"}
pid: 15288
hostname: DESKTOP-5TBUIJO

2020-03-02 15:19:39,084 ERROR 14784 [-/127.0.0.1/-/9ms POST /file-api/upload] nodejs.TypeError: Cannot destructure property `hash` of 'undefined' or 'null'.
    at FileServices.upload (F:\WebProjects\dodo\server\app\service\file.js:9:29)
    at FileController.upload (F:\WebProjects\dodo\server\app\controller\file.js:10:41)
    at Object.callFn (F:\WebProjects\dodo\server\node_modules\egg-core\lib\utils\index.js:44:21)
    at Object.classControllerMiddleware (F:\WebProjects\dodo\server\node_modules\egg-core\lib\loader\mixin\controller.js:87:20)
    at Object.callFn (F:\WebProjects\dodo\server\node_modules\@eggjs\router\lib\utils.js:12:21)
    at wrappedController (F:\WebProjects\dodo\server\node_modules\@eggjs\router\lib\egg_router.js:322:18)
    at dispatch (F:\WebProjects\dodo\server\node_modules\koa-compose\index.js:44:32)
    at next (F:\WebProjects\dodo\server\node_modules\koa-compose\index.js:45:18)
    at F:\WebProjects\dodo\server\node_modules\@eggjs\router\lib\router.js:190:18
    at dispatch (F:\WebProjects\dodo\server\node_modules\koa-compose\index.js:44:32)
    at F:\WebProjects\dodo\server\node_modules\koa-compose\index.js:36:12
    at dispatch (F:\WebProjects\dodo\server\node_modules\@eggjs\router\lib\router.js:195:33)
    at dispatch (F:\WebProjects\dodo\server\node_modules\koa\node_modules\koa-compose\index.js:42:32)
    at F:\WebProjects\dodo\server\node_modules\egg-development\app\middleware\egg_loader_trace.js:9:56
    at dispatch (F:\WebProjects\dodo\server\node_modules\koa\node_modules\koa-compose\index.js:42:32)
    at i18n (F:\WebProjects\dodo\server\node_modules\egg-i18n\app\middleware\i18n.js:13:12)
headers: {"Access-Control-Allow-Origin":"http://localhost:3000","Access-Control-Allow-Credentials":"true","vary":"Origin"}
pid: 14784
hostname: DESKTOP-5TBUIJO

2020-03-02 15:19:39,092 ERROR 14784 [-/127.0.0.1/-/1ms POST /file-api/upload] nodejs.TypeError: Cannot destructure property `hash` of 'undefined' or 'null'.
    at FileServices.upload (F:\WebProjects\dodo\server\app\service\file.js:9:29)
    at FileController.upload (F:\WebProjects\dodo\server\app\controller\file.js:10:41)
    at Object.callFn (F:\WebProjects\dodo\server\node_modules\egg-core\lib\utils\index.js:44:21)
    at Object.classControllerMiddleware (F:\WebProjects\dodo\server\node_modules\egg-core\lib\loader\mixin\controller.js:87:20)
    at Object.callFn (F:\WebProjects\dodo\server\node_modules\@eggjs\router\lib\utils.js:12:21)
    at wrappedController (F:\WebProjects\dodo\server\node_modules\@eggjs\router\lib\egg_router.js:322:18)
    at dispatch (F:\WebProjects\dodo\server\node_modules\koa-compose\index.js:44:32)
    at next (F:\WebProjects\dodo\server\node_modules\koa-compose\index.js:45:18)
    at F:\WebProjects\dodo\server\node_modules\@eggjs\router\lib\router.js:190:18
    at dispatch (F:\WebProjects\dodo\server\node_modules\koa-compose\index.js:44:32)
    at F:\WebProjects\dodo\server\node_modules\koa-compose\index.js:36:12
    at dispatch (F:\WebProjects\dodo\server\node_modules\@eggjs\router\lib\router.js:195:33)
    at dispatch (F:\WebProjects\dodo\server\node_modules\koa\node_modules\koa-compose\index.js:42:32)
    at F:\WebProjects\dodo\server\node_modules\egg-development\app\middleware\egg_loader_trace.js:9:56
    at dispatch (F:\WebProjects\dodo\server\node_modules\koa\node_modules\koa-compose\index.js:42:32)
    at i18n (F:\WebProjects\dodo\server\node_modules\egg-i18n\app\middleware\i18n.js:13:12)
headers: {"Access-Control-Allow-Origin":"http://localhost:3000","Access-Control-Allow-Credentials":"true","vary":"Origin"}
pid: 14784
hostname: DESKTOP-5TBUIJO

2020-03-02 15:19:39,097 ERROR 14784 [-/127.0.0.1/-/1ms POST /file-api/upload] nodejs.TypeError: Cannot destructure property `hash` of 'undefined' or 'null'.
    at FileServices.upload (F:\WebProjects\dodo\server\app\service\file.js:9:29)
    at FileController.upload (F:\WebProjects\dodo\server\app\controller\file.js:10:41)
    at Object.callFn (F:\WebProjects\dodo\server\node_modules\egg-core\lib\utils\index.js:44:21)
    at Object.classControllerMiddleware (F:\WebProjects\dodo\server\node_modules\egg-core\lib\loader\mixin\controller.js:87:20)
    at Object.callFn (F:\WebProjects\dodo\server\node_modules\@eggjs\router\lib\utils.js:12:21)
    at wrappedController (F:\WebProjects\dodo\server\node_modules\@eggjs\router\lib\egg_router.js:322:18)
    at dispatch (F:\WebProjects\dodo\server\node_modules\koa-compose\index.js:44:32)
    at next (F:\WebProjects\dodo\server\node_modules\koa-compose\index.js:45:18)
    at F:\WebProjects\dodo\server\node_modules\@eggjs\router\lib\router.js:190:18
    at dispatch (F:\WebProjects\dodo\server\node_modules\koa-compose\index.js:44:32)
    at F:\WebProjects\dodo\server\node_modules\koa-compose\index.js:36:12
    at dispatch (F:\WebProjects\dodo\server\node_modules\@eggjs\router\lib\router.js:195:33)
    at dispatch (F:\WebProjects\dodo\server\node_modules\koa\node_modules\koa-compose\index.js:42:32)
    at F:\WebProjects\dodo\server\node_modules\egg-development\app\middleware\egg_loader_trace.js:9:56
    at dispatch (F:\WebProjects\dodo\server\node_modules\koa\node_modules\koa-compose\index.js:42:32)
    at i18n (F:\WebProjects\dodo\server\node_modules\egg-i18n\app\middleware\i18n.js:13:12)
headers: {"Access-Control-Allow-Origin":"http://localhost:3000","Access-Control-Allow-Credentials":"true","vary":"Origin"}
pid: 14784
hostname: DESKTOP-5TBUIJO

